<?xml version="1.0" encoding="UTF-8"?>
<testng-results skipped="0" failed="0" ignored="0" total="1" passed="1">
  <reporter-output>
  </reporter-output>
  <suite name="DemoWebShop suite" duration-ms="48465" started-at="2021-08-19T18:25:05Z" finished-at="2021-08-19T18:25:53Z">
    <groups>
    </groups>
    <test name="Demowebshop" duration-ms="48465" started-at="2021-08-19T18:25:05Z" finished-at="2021-08-19T18:25:53Z">
      <class name="com.WebShop.qa.testcases.LoginpageTest">
        <test-method status="PASS" signature="setup()[pri:0, instance:com.WebShop.qa.testcases.LoginpageTest@1832929]" name="setup" is-config="true" duration-ms="39709" started-at="2021-08-19T23:55:05Z" finished-at="2021-08-19T23:55:45Z">
          <reporter-output>
          </reporter-output>
        </test-method> <!-- setup -->
        <test-method status="PASS" signature="validatelogintest()[pri:0, instance:com.WebShop.qa.testcases.LoginpageTest@1832929]" name="validatelogintest" duration-ms="7869" started-at="2021-08-19T23:55:45Z" finished-at="2021-08-19T23:55:53Z">
          <reporter-output>
          </reporter-output>
        </test-method> <!-- validatelogintest -->
        <test-method status="PASS" signature="teardown()[pri:0, instance:com.WebShop.qa.testcases.LoginpageTest@1832929]" name="teardown" is-config="true" duration-ms="794" started-at="2021-08-19T23:55:53Z" finished-at="2021-08-19T23:55:53Z">
          <reporter-output>
          </reporter-output>
        </test-method> <!-- teardown -->
      </class> <!-- com.WebShop.qa.testcases.LoginpageTest -->
    </test> <!-- Demowebshop -->
  </suite> <!-- DemoWebShop suite -->
</testng-results>
